d:\cpp.learn\loopstatements\loopstatements\x64\debug\vc143.pdb
d:\cpp.learn\loopstatements\loopstatements\x64\debug\vc143.idb
d:\cpp.learn\loopstatements\loopstatements\x64\debug\7.循环和文本输入.obj
d:\cpp.learn\loopstatements\loopstatements\x64\debug\8.循环嵌套与二维数组 .obj
d:\cpp.learn\loopstatements\x64\debug\loopstatements.exe
d:\cpp.learn\loopstatements\x64\debug\loopstatements.pdb
d:\cpp.learn\loopstatements\loopstatements\x64\debug\loopstatements.ilk
d:\cpp.learn\loopstatements\loopstatements\x64\debug\1.for循环写法.obj
d:\cpp.learn\loopstatements\loopstatements\x64\debug\3.逗号表达式.obj
d:\cpp.learn\loopstatements\loopstatements\x64\debug\5.编写延时循环.obj
d:\cpp.learn\loopstatements\loopstatements\x64\debug\6.do while 循环.obj
d:\cpp.learn\loopstatements\loopstatements\x64\debug\while循环.obj
d:\cpp.learn\loopstatements\loopstatements\x64\debug\loopstatements.tlog\cl.command.1.tlog
d:\cpp.learn\loopstatements\loopstatements\x64\debug\loopstatements.tlog\cl.items.tlog
d:\cpp.learn\loopstatements\loopstatements\x64\debug\loopstatements.tlog\cl.read.1.tlog
d:\cpp.learn\loopstatements\loopstatements\x64\debug\loopstatements.tlog\cl.write.1.tlog
d:\cpp.learn\loopstatements\loopstatements\x64\debug\loopstatements.tlog\link.command.1.tlog
d:\cpp.learn\loopstatements\loopstatements\x64\debug\loopstatements.tlog\link.read.1.tlog
d:\cpp.learn\loopstatements\loopstatements\x64\debug\loopstatements.tlog\link.secondary.1.tlog
d:\cpp.learn\loopstatements\loopstatements\x64\debug\loopstatements.tlog\link.write.1.tlog
